  print.c
  lzio.c
  lvm.c
  lundump.c
  lua.c
  ltm.c
  ltablib.c
  ltable.c
  lstrlib.c
  lstring.c
  lstate.c
  lparser.c
  loslib.c
  lopcodes.c
  lobject.c
  loadlib.c
  lmem.c
  lmathlib.c
  llex.c
  liolib.c
  正在生成代码...
  正在编译...
  linit.c
  lgc.c
  lfunc.c
  ldump.c
  ldo.c
  ldebug.c
  ldblib.c
  lcode.c
  lbaselib.c
  lauxlib.c
  lapi.c
  正在生成代码...
C:\Program Files (x86)\MSBuild\Microsoft.Cpp\v4.0\V120\Microsoft.CppBuild.targets(1361,5): warning MSB8012: TargetPath(E:\BaiduNetdiskDownload\server全部\server\inc\TDLib\lua\lua-5.1.5\vs2008\Debug\lua5.1.lib) does not match the Library's OutputFile property value (E:\BaiduNetdiskDownload\server全部\server\inc\TDLib\lua\lua-5.1.5\lib\Win32\lua5.1_d.lib). This may cause your project to build incorrectly. To correct this, please make sure that $(OutDir), $(TargetName) and $(TargetExt) property values match the value specified in %(Lib.OutputFile).
C:\Program Files (x86)\MSBuild\Microsoft.Cpp\v4.0\V120\Microsoft.CppBuild.targets(1363,5): warning MSB8012: TargetName(lua5.1) does not match the Library's OutputFile property value (lua5.1_d). This may cause your project to build incorrectly. To correct this, please make sure that $(OutDir), $(TargetName) and $(TargetExt) property values match the value specified in %(Lib.OutputFile).
  lua.vcxproj -> E:\BaiduNetdiskDownload\server全部\server\inc\TDLib\lua\lua-5.1.5\vs2008\Debug\lua5.1.lib
