The system is: Linux - 3.10.0-514.el7.x86_64 - x86_64
Compiling the C compiler identification source file "CMakeCCompilerId.c" succeeded.
Compiler: /usr/local/bin/gcc 
Build flags: 
Id flags: 

The output was:
0


Compilation of the C compiler identification source "CMakeCCompilerId.c" produced "a.out"

The C compiler identification is GNU, found in "/opt/vesper/workspace/trunk/program_demo/Share/luaScript/build/CMakeFiles/2.8.12.2/CompilerIdC/a.out"

Compiling the CXX compiler identification source file "CMakeCXXCompilerId.cpp" succeeded.
Compiler: /usr/local/bin/g++ 
Build flags: 
Id flags: 

The output was:
0


Compilation of the CXX compiler identification source "CMakeCXXCompilerId.cpp" produced "a.out"

The CXX compiler identification is GNU, found in "/opt/vesper/workspace/trunk/program_demo/Share/luaScript/build/CMakeFiles/2.8.12.2/CompilerIdCXX/a.out"

Determining if the C compiler works passed with the following output:
Change Dir: /opt/vesper/workspace/trunk/program_demo/Share/luaScript/build/CMakeFiles/CMakeTmp

Run Build Command:/usr/bin/gmake "cmTryCompileExec637175575/fast"
/usr/bin/gmake -f CMakeFiles/cmTryCompileExec637175575.dir/build.make CMakeFiles/cmTryCompileExec637175575.dir/build
gmake[1]: Entering directory `/opt/vesper/workspace/trunk/program_demo/Share/luaScript/build/CMakeFiles/CMakeTmp'
/usr/bin/cmake -E cmake_progress_report /opt/vesper/workspace/trunk/program_demo/Share/luaScript/build/CMakeFiles/CMakeTmp/CMakeFiles 1
Building C object CMakeFiles/cmTryCompileExec637175575.dir/testCCompiler.c.o
/usr/local/bin/gcc    -o CMakeFiles/cmTryCompileExec637175575.dir/testCCompiler.c.o   -c /opt/vesper/workspace/trunk/program_demo/Share/luaScript/build/CMakeFiles/CMakeTmp/testCCompiler.c
Linking C executable cmTryCompileExec637175575
/usr/bin/cmake -E cmake_link_script CMakeFiles/cmTryCompileExec637175575.dir/link.txt --verbose=1
/usr/local/bin/gcc       CMakeFiles/cmTryCompileExec637175575.dir/testCCompiler.c.o  -o cmTryCompileExec637175575 -rdynamic 
gmake[1]: Leaving directory `/opt/vesper/workspace/trunk/program_demo/Share/luaScript/build/CMakeFiles/CMakeTmp'


Detecting C compiler ABI info compiled with the following output:
Change Dir: /opt/vesper/workspace/trunk/program_demo/Share/luaScript/build/CMakeFiles/CMakeTmp

Run Build Command:/usr/bin/gmake "cmTryCompileExec1540285838/fast"
/usr/bin/gmake -f CMakeFiles/cmTryCompileExec1540285838.dir/build.make CMakeFiles/cmTryCompileExec1540285838.dir/build
gmake[1]: Entering directory `/opt/vesper/workspace/trunk/program_demo/Share/luaScript/build/CMakeFiles/CMakeTmp'
/usr/bin/cmake -E cmake_progress_report /opt/vesper/workspace/trunk/program_demo/Share/luaScript/build/CMakeFiles/CMakeTmp/CMakeFiles 1
Building C object CMakeFiles/cmTryCompileExec1540285838.dir/CMakeCCompilerABI.c.o
/usr/local/bin/gcc    -o CMakeFiles/cmTryCompileExec1540285838.dir/CMakeCCompilerABI.c.o   -c /usr/share/cmake/Modules/CMakeCCompilerABI.c
Linking C executable cmTryCompileExec1540285838
/usr/bin/cmake -E cmake_link_script CMakeFiles/cmTryCompileExec1540285838.dir/link.txt --verbose=1
/usr/local/bin/gcc     -v CMakeFiles/cmTryCompileExec1540285838.dir/CMakeCCompilerABI.c.o  -o cmTryCompileExec1540285838 -rdynamic  
Using built-in specs.
COLLECT_GCC=/usr/local/bin/gcc
COLLECT_LTO_WRAPPER=/usr/local/libexec/gcc/x86_64-unknown-linux-gnu/4.9.3/lto-wrapper
Target: x86_64-unknown-linux-gnu
Configured with: ./configure -enable-checking=release -enable-languages=c,c++ -disable-multilib
Thread model: posix
gcc version 4.9.3 (GCC) 
COMPILER_PATH=/usr/local/libexec/gcc/x86_64-unknown-linux-gnu/4.9.3/:/usr/local/libexec/gcc/x86_64-unknown-linux-gnu/4.9.3/:/usr/local/libexec/gcc/x86_64-unknown-linux-gnu/:/usr/local/lib/gcc/x86_64-unknown-linux-gnu/4.9.3/:/usr/local/lib/gcc/x86_64-unknown-linux-gnu/
LIBRARY_PATH=/usr/local/lib/gcc/x86_64-unknown-linux-gnu/4.9.3/:/usr/local/lib/gcc/x86_64-unknown-linux-gnu/4.9.3/../../../../lib64/:/lib/../lib64/:/usr/lib/../lib64/:/usr/local/lib/gcc/x86_64-unknown-linux-gnu/4.9.3/../../../:/lib/:/usr/lib/
COLLECT_GCC_OPTIONS='-v' '-o' 'cmTryCompileExec1540285838' '-rdynamic' '-mtune=generic' '-march=x86-64'
 /usr/local/libexec/gcc/x86_64-unknown-linux-gnu/4.9.3/collect2 --eh-frame-hdr -m elf_x86_64 -export-dynamic -dynamic-linker /lib64/ld-linux-x86-64.so.2 -o cmTryCompileExec1540285838 /lib/../lib64/crt1.o /lib/../lib64/crti.o /usr/local/lib/gcc/x86_64-unknown-linux-gnu/4.9.3/crtbegin.o -L/usr/local/lib/gcc/x86_64-unknown-linux-gnu/4.9.3 -L/usr/local/lib/gcc/x86_64-unknown-linux-gnu/4.9.3/../../../../lib64 -L/lib/../lib64 -L/usr/lib/../lib64 -L/usr/local/lib/gcc/x86_64-unknown-linux-gnu/4.9.3/../../.. CMakeFiles/cmTryCompileExec1540285838.dir/CMakeCCompilerABI.c.o -lgcc --as-needed -lgcc_s --no-as-needed -lc -lgcc --as-needed -lgcc_s --no-as-needed /usr/local/lib/gcc/x86_64-unknown-linux-gnu/4.9.3/crtend.o /lib/../lib64/crtn.o
gmake[1]: Leaving directory `/opt/vesper/workspace/trunk/program_demo/Share/luaScript/build/CMakeFiles/CMakeTmp'


Parsed C implicit link information from above output:
  link line regex: [^( *|.*[/\])(ld|([^/\]+-)?ld|collect2)[^/\]*( |$)]
  ignore line: [Change Dir: /opt/vesper/workspace/trunk/program_demo/Share/luaScript/build/CMakeFiles/CMakeTmp]
  ignore line: []
  ignore line: [Run Build Command:/usr/bin/gmake "cmTryCompileExec1540285838/fast"]
  ignore line: [/usr/bin/gmake -f CMakeFiles/cmTryCompileExec1540285838.dir/build.make CMakeFiles/cmTryCompileExec1540285838.dir/build]
  ignore line: [gmake[1]: Entering directory `/opt/vesper/workspace/trunk/program_demo/Share/luaScript/build/CMakeFiles/CMakeTmp']
  ignore line: [/usr/bin/cmake -E cmake_progress_report /opt/vesper/workspace/trunk/program_demo/Share/luaScript/build/CMakeFiles/CMakeTmp/CMakeFiles 1]
  ignore line: [Building C object CMakeFiles/cmTryCompileExec1540285838.dir/CMakeCCompilerABI.c.o]
  ignore line: [/usr/local/bin/gcc    -o CMakeFiles/cmTryCompileExec1540285838.dir/CMakeCCompilerABI.c.o   -c /usr/share/cmake/Modules/CMakeCCompilerABI.c]
  ignore line: [Linking C executable cmTryCompileExec1540285838]
  ignore line: [/usr/bin/cmake -E cmake_link_script CMakeFiles/cmTryCompileExec1540285838.dir/link.txt --verbose=1]
  ignore line: [/usr/local/bin/gcc     -v CMakeFiles/cmTryCompileExec1540285838.dir/CMakeCCompilerABI.c.o  -o cmTryCompileExec1540285838 -rdynamic  ]
  ignore line: [Using built-in specs.]
  ignore line: [COLLECT_GCC=/usr/local/bin/gcc]
  ignore line: [COLLECT_LTO_WRAPPER=/usr/local/libexec/gcc/x86_64-unknown-linux-gnu/4.9.3/lto-wrapper]
  ignore line: [Target: x86_64-unknown-linux-gnu]
  ignore line: [Configured with: ./configure -enable-checking=release -enable-languages=c,c++ -disable-multilib]
  ignore line: [Thread model: posix]
  ignore line: [gcc version 4.9.3 (GCC) ]
  ignore line: [COMPILER_PATH=/usr/local/libexec/gcc/x86_64-unknown-linux-gnu/4.9.3/:/usr/local/libexec/gcc/x86_64-unknown-linux-gnu/4.9.3/:/usr/local/libexec/gcc/x86_64-unknown-linux-gnu/:/usr/local/lib/gcc/x86_64-unknown-linux-gnu/4.9.3/:/usr/local/lib/gcc/x86_64-unknown-linux-gnu/]
  ignore line: [LIBRARY_PATH=/usr/local/lib/gcc/x86_64-unknown-linux-gnu/4.9.3/:/usr/local/lib/gcc/x86_64-unknown-linux-gnu/4.9.3/../../../../lib64/:/lib/../lib64/:/usr/lib/../lib64/:/usr/local/lib/gcc/x86_64-unknown-linux-gnu/4.9.3/../../../:/lib/:/usr/lib/]
  ignore line: [COLLECT_GCC_OPTIONS='-v' '-o' 'cmTryCompileExec1540285838' '-rdynamic' '-mtune=generic' '-march=x86-64']
  link line: [ /usr/local/libexec/gcc/x86_64-unknown-linux-gnu/4.9.3/collect2 --eh-frame-hdr -m elf_x86_64 -export-dynamic -dynamic-linker /lib64/ld-linux-x86-64.so.2 -o cmTryCompileExec1540285838 /lib/../lib64/crt1.o /lib/../lib64/crti.o /usr/local/lib/gcc/x86_64-unknown-linux-gnu/4.9.3/crtbegin.o -L/usr/local/lib/gcc/x86_64-unknown-linux-gnu/4.9.3 -L/usr/local/lib/gcc/x86_64-unknown-linux-gnu/4.9.3/../../../../lib64 -L/lib/../lib64 -L/usr/lib/../lib64 -L/usr/local/lib/gcc/x86_64-unknown-linux-gnu/4.9.3/../../.. CMakeFiles/cmTryCompileExec1540285838.dir/CMakeCCompilerABI.c.o -lgcc --as-needed -lgcc_s --no-as-needed -lc -lgcc --as-needed -lgcc_s --no-as-needed /usr/local/lib/gcc/x86_64-unknown-linux-gnu/4.9.3/crtend.o /lib/../lib64/crtn.o]
    arg [/usr/local/libexec/gcc/x86_64-unknown-linux-gnu/4.9.3/collect2] ==> ignore
    arg [--eh-frame-hdr] ==> ignore
    arg [-m] ==> ignore
    arg [elf_x86_64] ==> ignore
    arg [-export-dynamic] ==> ignore
    arg [-dynamic-linker] ==> ignore
    arg [/lib64/ld-linux-x86-64.so.2] ==> ignore
    arg [-o] ==> ignore
    arg [cmTryCompileExec1540285838] ==> ignore
    arg [/lib/../lib64/crt1.o] ==> ignore
    arg [/lib/../lib64/crti.o] ==> ignore
    arg [/usr/local/lib/gcc/x86_64-unknown-linux-gnu/4.9.3/crtbegin.o] ==> ignore
    arg [-L/usr/local/lib/gcc/x86_64-unknown-linux-gnu/4.9.3] ==> dir [/usr/local/lib/gcc/x86_64-unknown-linux-gnu/4.9.3]
    arg [-L/usr/local/lib/gcc/x86_64-unknown-linux-gnu/4.9.3/../../../../lib64] ==> dir [/usr/local/lib/gcc/x86_64-unknown-linux-gnu/4.9.3/../../../../lib64]
    arg [-L/lib/../lib64] ==> dir [/lib/../lib64]
    arg [-L/usr/lib/../lib64] ==> dir [/usr/lib/../lib64]
    arg [-L/usr/local/lib/gcc/x86_64-unknown-linux-gnu/4.9.3/../../..] ==> dir [/usr/local/lib/gcc/x86_64-unknown-linux-gnu/4.9.3/../../..]
    arg [CMakeFiles/cmTryCompileExec1540285838.dir/CMakeCCompilerABI.c.o] ==> ignore
    arg [-lgcc] ==> lib [gcc]
    arg [--as-needed] ==> ignore
    arg [-lgcc_s] ==> lib [gcc_s]
    arg [--no-as-needed] ==> ignore
    arg [-lc] ==> lib [c]
    arg [-lgcc] ==> lib [gcc]
    arg [--as-needed] ==> ignore
    arg [-lgcc_s] ==> lib [gcc_s]
    arg [--no-as-needed] ==> ignore
    arg [/usr/local/lib/gcc/x86_64-unknown-linux-gnu/4.9.3/crtend.o] ==> ignore
    arg [/lib/../lib64/crtn.o] ==> ignore
  remove lib [gcc]
  remove lib [gcc_s]
  remove lib [gcc]
  remove lib [gcc_s]
  collapse library dir [/usr/local/lib/gcc/x86_64-unknown-linux-gnu/4.9.3] ==> [/usr/local/lib/gcc/x86_64-unknown-linux-gnu/4.9.3]
  collapse library dir [/usr/local/lib/gcc/x86_64-unknown-linux-gnu/4.9.3/../../../../lib64] ==> [/usr/local/lib64]
  collapse library dir [/lib/../lib64] ==> [/lib64]
  collapse library dir [/usr/lib/../lib64] ==> [/usr/lib64]
  collapse library dir [/usr/local/lib/gcc/x86_64-unknown-linux-gnu/4.9.3/../../..] ==> [/usr/local/lib]
  implicit libs: [c]
  implicit dirs: [/usr/local/lib/gcc/x86_64-unknown-linux-gnu/4.9.3;/usr/local/lib64;/lib64;/usr/lib64;/usr/local/lib]
  implicit fwks: []


Determining if the CXX compiler works passed with the following output:
Change Dir: /opt/vesper/workspace/trunk/program_demo/Share/luaScript/build/CMakeFiles/CMakeTmp

Run Build Command:/usr/bin/gmake "cmTryCompileExec3233408572/fast"
/usr/bin/gmake -f CMakeFiles/cmTryCompileExec3233408572.dir/build.make CMakeFiles/cmTryCompileExec3233408572.dir/build
gmake[1]: Entering directory `/opt/vesper/workspace/trunk/program_demo/Share/luaScript/build/CMakeFiles/CMakeTmp'
/usr/bin/cmake -E cmake_progress_report /opt/vesper/workspace/trunk/program_demo/Share/luaScript/build/CMakeFiles/CMakeTmp/CMakeFiles 1
Building CXX object CMakeFiles/cmTryCompileExec3233408572.dir/testCXXCompiler.cxx.o
/usr/local/bin/g++     -o CMakeFiles/cmTryCompileExec3233408572.dir/testCXXCompiler.cxx.o -c /opt/vesper/workspace/trunk/program_demo/Share/luaScript/build/CMakeFiles/CMakeTmp/testCXXCompiler.cxx
Linking CXX executable cmTryCompileExec3233408572
/usr/bin/cmake -E cmake_link_script CMakeFiles/cmTryCompileExec3233408572.dir/link.txt --verbose=1
/usr/local/bin/g++        CMakeFiles/cmTryCompileExec3233408572.dir/testCXXCompiler.cxx.o  -o cmTryCompileExec3233408572 -rdynamic 
gmake[1]: Leaving directory `/opt/vesper/workspace/trunk/program_demo/Share/luaScript/build/CMakeFiles/CMakeTmp'


Detecting CXX compiler ABI info compiled with the following output:
Change Dir: /opt/vesper/workspace/trunk/program_demo/Share/luaScript/build/CMakeFiles/CMakeTmp

Run Build Command:/usr/bin/gmake "cmTryCompileExec1453167087/fast"
/usr/bin/gmake -f CMakeFiles/cmTryCompileExec1453167087.dir/build.make CMakeFiles/cmTryCompileExec1453167087.dir/build
gmake[1]: Entering directory `/opt/vesper/workspace/trunk/program_demo/Share/luaScript/build/CMakeFiles/CMakeTmp'
/usr/bin/cmake -E cmake_progress_report /opt/vesper/workspace/trunk/program_demo/Share/luaScript/build/CMakeFiles/CMakeTmp/CMakeFiles 1
Building CXX object CMakeFiles/cmTryCompileExec1453167087.dir/CMakeCXXCompilerABI.cpp.o
/usr/local/bin/g++     -o CMakeFiles/cmTryCompileExec1453167087.dir/CMakeCXXCompilerABI.cpp.o -c /usr/share/cmake/Modules/CMakeCXXCompilerABI.cpp
Linking CXX executable cmTryCompileExec1453167087
/usr/bin/cmake -E cmake_link_script CMakeFiles/cmTryCompileExec1453167087.dir/link.txt --verbose=1
/usr/local/bin/g++      -v CMakeFiles/cmTryCompileExec1453167087.dir/CMakeCXXCompilerABI.cpp.o  -o cmTryCompileExec1453167087 -rdynamic  
Using built-in specs.
COLLECT_GCC=/usr/local/bin/g++
COLLECT_LTO_WRAPPER=/usr/local/libexec/gcc/x86_64-unknown-linux-gnu/4.9.3/lto-wrapper
Target: x86_64-unknown-linux-gnu
Configured with: ./configure -enable-checking=release -enable-languages=c,c++ -disable-multilib
Thread model: posix
gcc version 4.9.3 (GCC) 
COMPILER_PATH=/usr/local/libexec/gcc/x86_64-unknown-linux-gnu/4.9.3/:/usr/local/libexec/gcc/x86_64-unknown-linux-gnu/4.9.3/:/usr/local/libexec/gcc/x86_64-unknown-linux-gnu/:/usr/local/lib/gcc/x86_64-unknown-linux-gnu/4.9.3/:/usr/local/lib/gcc/x86_64-unknown-linux-gnu/
LIBRARY_PATH=/usr/local/lib/gcc/x86_64-unknown-linux-gnu/4.9.3/:/usr/local/lib/gcc/x86_64-unknown-linux-gnu/4.9.3/../../../../lib64/:/lib/../lib64/:/usr/lib/../lib64/:/usr/local/lib/gcc/x86_64-unknown-linux-gnu/4.9.3/../../../:/lib/:/usr/lib/
COLLECT_GCC_OPTIONS='-v' '-o' 'cmTryCompileExec1453167087' '-rdynamic' '-shared-libgcc' '-mtune=generic' '-march=x86-64'
 /usr/local/libexec/gcc/x86_64-unknown-linux-gnu/4.9.3/collect2 --eh-frame-hdr -m elf_x86_64 -export-dynamic -dynamic-linker /lib64/ld-linux-x86-64.so.2 -o cmTryCompileExec1453167087 /lib/../lib64/crt1.o /lib/../lib64/crti.o /usr/local/lib/gcc/x86_64-unknown-linux-gnu/4.9.3/crtbegin.o -L/usr/local/lib/gcc/x86_64-unknown-linux-gnu/4.9.3 -L/usr/local/lib/gcc/x86_64-unknown-linux-gnu/4.9.3/../../../../lib64 -L/lib/../lib64 -L/usr/lib/../lib64 -L/usr/local/lib/gcc/x86_64-unknown-linux-gnu/4.9.3/../../.. CMakeFiles/cmTryCompileExec1453167087.dir/CMakeCXXCompilerABI.cpp.o -lstdc++ -lm -lgcc_s -lgcc -lc -lgcc_s -lgcc /usr/local/lib/gcc/x86_64-unknown-linux-gnu/4.9.3/crtend.o /lib/../lib64/crtn.o
gmake[1]: Leaving directory `/opt/vesper/workspace/trunk/program_demo/Share/luaScript/build/CMakeFiles/CMakeTmp'


Parsed CXX implicit link information from above output:
  link line regex: [^( *|.*[/\])(ld|([^/\]+-)?ld|collect2)[^/\]*( |$)]
  ignore line: [Change Dir: /opt/vesper/workspace/trunk/program_demo/Share/luaScript/build/CMakeFiles/CMakeTmp]
  ignore line: []
  ignore line: [Run Build Command:/usr/bin/gmake "cmTryCompileExec1453167087/fast"]
  ignore line: [/usr/bin/gmake -f CMakeFiles/cmTryCompileExec1453167087.dir/build.make CMakeFiles/cmTryCompileExec1453167087.dir/build]
  ignore line: [gmake[1]: Entering directory `/opt/vesper/workspace/trunk/program_demo/Share/luaScript/build/CMakeFiles/CMakeTmp']
  ignore line: [/usr/bin/cmake -E cmake_progress_report /opt/vesper/workspace/trunk/program_demo/Share/luaScript/build/CMakeFiles/CMakeTmp/CMakeFiles 1]
  ignore line: [Building CXX object CMakeFiles/cmTryCompileExec1453167087.dir/CMakeCXXCompilerABI.cpp.o]
  ignore line: [/usr/local/bin/g++     -o CMakeFiles/cmTryCompileExec1453167087.dir/CMakeCXXCompilerABI.cpp.o -c /usr/share/cmake/Modules/CMakeCXXCompilerABI.cpp]
  ignore line: [Linking CXX executable cmTryCompileExec1453167087]
  ignore line: [/usr/bin/cmake -E cmake_link_script CMakeFiles/cmTryCompileExec1453167087.dir/link.txt --verbose=1]
  ignore line: [/usr/local/bin/g++      -v CMakeFiles/cmTryCompileExec1453167087.dir/CMakeCXXCompilerABI.cpp.o  -o cmTryCompileExec1453167087 -rdynamic  ]
  ignore line: [Using built-in specs.]
  ignore line: [COLLECT_GCC=/usr/local/bin/g++]
  ignore line: [COLLECT_LTO_WRAPPER=/usr/local/libexec/gcc/x86_64-unknown-linux-gnu/4.9.3/lto-wrapper]
  ignore line: [Target: x86_64-unknown-linux-gnu]
  ignore line: [Configured with: ./configure -enable-checking=release -enable-languages=c,c++ -disable-multilib]
  ignore line: [Thread model: posix]
  ignore line: [gcc version 4.9.3 (GCC) ]
  ignore line: [COMPILER_PATH=/usr/local/libexec/gcc/x86_64-unknown-linux-gnu/4.9.3/:/usr/local/libexec/gcc/x86_64-unknown-linux-gnu/4.9.3/:/usr/local/libexec/gcc/x86_64-unknown-linux-gnu/:/usr/local/lib/gcc/x86_64-unknown-linux-gnu/4.9.3/:/usr/local/lib/gcc/x86_64-unknown-linux-gnu/]
  ignore line: [LIBRARY_PATH=/usr/local/lib/gcc/x86_64-unknown-linux-gnu/4.9.3/:/usr/local/lib/gcc/x86_64-unknown-linux-gnu/4.9.3/../../../../lib64/:/lib/../lib64/:/usr/lib/../lib64/:/usr/local/lib/gcc/x86_64-unknown-linux-gnu/4.9.3/../../../:/lib/:/usr/lib/]
  ignore line: [COLLECT_GCC_OPTIONS='-v' '-o' 'cmTryCompileExec1453167087' '-rdynamic' '-shared-libgcc' '-mtune=generic' '-march=x86-64']
  link line: [ /usr/local/libexec/gcc/x86_64-unknown-linux-gnu/4.9.3/collect2 --eh-frame-hdr -m elf_x86_64 -export-dynamic -dynamic-linker /lib64/ld-linux-x86-64.so.2 -o cmTryCompileExec1453167087 /lib/../lib64/crt1.o /lib/../lib64/crti.o /usr/local/lib/gcc/x86_64-unknown-linux-gnu/4.9.3/crtbegin.o -L/usr/local/lib/gcc/x86_64-unknown-linux-gnu/4.9.3 -L/usr/local/lib/gcc/x86_64-unknown-linux-gnu/4.9.3/../../../../lib64 -L/lib/../lib64 -L/usr/lib/../lib64 -L/usr/local/lib/gcc/x86_64-unknown-linux-gnu/4.9.3/../../.. CMakeFiles/cmTryCompileExec1453167087.dir/CMakeCXXCompilerABI.cpp.o -lstdc++ -lm -lgcc_s -lgcc -lc -lgcc_s -lgcc /usr/local/lib/gcc/x86_64-unknown-linux-gnu/4.9.3/crtend.o /lib/../lib64/crtn.o]
    arg [/usr/local/libexec/gcc/x86_64-unknown-linux-gnu/4.9.3/collect2] ==> ignore
    arg [--eh-frame-hdr] ==> ignore
    arg [-m] ==> ignore
    arg [elf_x86_64] ==> ignore
    arg [-export-dynamic] ==> ignore
    arg [-dynamic-linker] ==> ignore
    arg [/lib64/ld-linux-x86-64.so.2] ==> ignore
    arg [-o] ==> ignore
    arg [cmTryCompileExec1453167087] ==> ignore
    arg [/lib/../lib64/crt1.o] ==> ignore
    arg [/lib/../lib64/crti.o] ==> ignore
    arg [/usr/local/lib/gcc/x86_64-unknown-linux-gnu/4.9.3/crtbegin.o] ==> ignore
    arg [-L/usr/local/lib/gcc/x86_64-unknown-linux-gnu/4.9.3] ==> dir [/usr/local/lib/gcc/x86_64-unknown-linux-gnu/4.9.3]
    arg [-L/usr/local/lib/gcc/x86_64-unknown-linux-gnu/4.9.3/../../../../lib64] ==> dir [/usr/local/lib/gcc/x86_64-unknown-linux-gnu/4.9.3/../../../../lib64]
    arg [-L/lib/../lib64] ==> dir [/lib/../lib64]
    arg [-L/usr/lib/../lib64] ==> dir [/usr/lib/../lib64]
    arg [-L/usr/local/lib/gcc/x86_64-unknown-linux-gnu/4.9.3/../../..] ==> dir [/usr/local/lib/gcc/x86_64-unknown-linux-gnu/4.9.3/../../..]
    arg [CMakeFiles/cmTryCompileExec1453167087.dir/CMakeCXXCompilerABI.cpp.o] ==> ignore
    arg [-lstdc++] ==> lib [stdc++]
    arg [-lm] ==> lib [m]
    arg [-lgcc_s] ==> lib [gcc_s]
    arg [-lgcc] ==> lib [gcc]
    arg [-lc] ==> lib [c]
    arg [-lgcc_s] ==> lib [gcc_s]
    arg [-lgcc] ==> lib [gcc]
    arg [/usr/local/lib/gcc/x86_64-unknown-linux-gnu/4.9.3/crtend.o] ==> ignore
    arg [/lib/../lib64/crtn.o] ==> ignore
  remove lib [gcc_s]
  remove lib [gcc]
  remove lib [gcc_s]
  remove lib [gcc]
  collapse library dir [/usr/local/lib/gcc/x86_64-unknown-linux-gnu/4.9.3] ==> [/usr/local/lib/gcc/x86_64-unknown-linux-gnu/4.9.3]
  collapse library dir [/usr/local/lib/gcc/x86_64-unknown-linux-gnu/4.9.3/../../../../lib64] ==> [/usr/local/lib64]
  collapse library dir [/lib/../lib64] ==> [/lib64]
  collapse library dir [/usr/lib/../lib64] ==> [/usr/lib64]
  collapse library dir [/usr/local/lib/gcc/x86_64-unknown-linux-gnu/4.9.3/../../..] ==> [/usr/local/lib]
  implicit libs: [stdc++;m;c]
  implicit dirs: [/usr/local/lib/gcc/x86_64-unknown-linux-gnu/4.9.3;/usr/local/lib64;/lib64;/usr/lib64;/usr/local/lib]
  implicit fwks: []


